{"D:\\Backup\\Escritorio\\Universidad\\Quinto año\\Segundo Semestre\\Aseguramiento de la calidad del software\\tarea6-unittest\\src\\domain\\tarea6.ts": {"path":"D:\\Backup\\Escritorio\\Universidad\\Quinto año\\Segundo Semestre\\Aseguramiento de la calidad del software\\tarea6-unittest\\src\\domain\\tarea6.ts","statementMap":{"0":{"start":{"line":11,"column":0},"end":{"line":11,"column":16}},"1":{"start":{"line":13,"column":2},"end":{"line":15,"column":3}},"2":{"start":{"line":14,"column":4},"end":{"line":14,"column":25}},"3":{"start":{"line":18,"column":2},"end":{"line":22,"column":3}},"4":{"start":{"line":19,"column":4},"end":{"line":21,"column":5}},"5":{"start":{"line":20,"column":6},"end":{"line":20,"column":27}},"6":{"start":{"line":25,"column":2},"end":{"line":46,"column":3}},"7":{"start":{"line":27,"column":6},"end":{"line":29,"column":7}},"8":{"start":{"line":28,"column":8},"end":{"line":28,"column":26}},"9":{"start":{"line":30,"column":6},"end":{"line":30,"column":12}},"10":{"start":{"line":32,"column":6},"end":{"line":34,"column":7}},"11":{"start":{"line":33,"column":8},"end":{"line":33,"column":26}},"12":{"start":{"line":35,"column":6},"end":{"line":35,"column":12}},"13":{"start":{"line":37,"column":6},"end":{"line":39,"column":7}},"14":{"start":{"line":38,"column":8},"end":{"line":38,"column":26}},"15":{"start":{"line":40,"column":6},"end":{"line":40,"column":12}},"16":{"start":{"line":42,"column":6},"end":{"line":44,"column":7}},"17":{"start":{"line":43,"column":8},"end":{"line":43,"column":26}},"18":{"start":{"line":45,"column":6},"end":{"line":45,"column":12}},"19":{"start":{"line":48,"column":2},"end":{"line":48,"column":23}}},"fnMap":{"0":{"name":"evaluarSolicitud","decl":{"start":{"line":11,"column":16},"end":{"line":11,"column":32}},"loc":{"start":{"line":11,"column":53},"end":{"line":49,"column":1}}}},"branchMap":{"0":{"loc":{"start":{"line":13,"column":2},"end":{"line":15,"column":3}},"type":"if","locations":[{"start":{"line":13,"column":2},"end":{"line":15,"column":3}},{"start":{},"end":{}}]},"1":{"loc":{"start":{"line":13,"column":6},"end":{"line":13,"column":51}},"type":"binary-expr","locations":[{"start":{"line":13,"column":6},"end":{"line":13,"column":26}},{"start":{"line":13,"column":30},"end":{"line":13,"column":51}}]},"2":{"loc":{"start":{"line":18,"column":2},"end":{"line":22,"column":3}},"type":"if","locations":[{"start":{"line":18,"column":2},"end":{"line":22,"column":3}},{"start":{},"end":{}}]},"3":{"loc":{"start":{"line":18,"column":6},"end":{"line":18,"column":58}},"type":"binary-expr","locations":[{"start":{"line":18,"column":6},"end":{"line":18,"column":36}},{"start":{"line":18,"column":40},"end":{"line":18,"column":58}}]},"4":{"loc":{"start":{"line":19,"column":4},"end":{"line":21,"column":5}},"type":"if","locations":[{"start":{"line":19,"column":4},"end":{"line":21,"column":5}},{"start":{},"end":{}}]},"5":{"loc":{"start":{"line":19,"column":8},"end":{"line":19,"column":63}},"type":"binary-expr","locations":[{"start":{"line":19,"column":8},"end":{"line":19,"column":41}},{"start":{"line":19,"column":45},"end":{"line":19,"column":63}}]},"6":{"loc":{"start":{"line":25,"column":2},"end":{"line":46,"column":3}},"type":"switch","locations":[{"start":{"line":26,"column":4},"end":{"line":30,"column":12}},{"start":{"line":31,"column":4},"end":{"line":35,"column":12}},{"start":{"line":36,"column":4},"end":{"line":40,"column":12}},{"start":{"line":41,"column":4},"end":{"line":45,"column":12}}]},"7":{"loc":{"start":{"line":27,"column":6},"end":{"line":29,"column":7}},"type":"if","locations":[{"start":{"line":27,"column":6},"end":{"line":29,"column":7}},{"start":{},"end":{}}]},"8":{"loc":{"start":{"line":27,"column":10},"end":{"line":27,"column":53}},"type":"binary-expr","locations":[{"start":{"line":27,"column":10},"end":{"line":27,"column":27}},{"start":{"line":27,"column":31},"end":{"line":27,"column":53}}]},"9":{"loc":{"start":{"line":32,"column":6},"end":{"line":34,"column":7}},"type":"if","locations":[{"start":{"line":32,"column":6},"end":{"line":34,"column":7}},{"start":{},"end":{}}]},"10":{"loc":{"start":{"line":32,"column":10},"end":{"line":32,"column":66}},"type":"binary-expr","locations":[{"start":{"line":32,"column":10},"end":{"line":32,"column":40}},{"start":{"line":32,"column":44},"end":{"line":32,"column":66}}]},"11":{"loc":{"start":{"line":37,"column":6},"end":{"line":39,"column":7}},"type":"if","locations":[{"start":{"line":37,"column":6},"end":{"line":39,"column":7}},{"start":{},"end":{}}]},"12":{"loc":{"start":{"line":37,"column":10},"end":{"line":37,"column":67}},"type":"binary-expr","locations":[{"start":{"line":37,"column":10},"end":{"line":37,"column":41}},{"start":{"line":37,"column":45},"end":{"line":37,"column":67}}]},"13":{"loc":{"start":{"line":42,"column":6},"end":{"line":44,"column":7}},"type":"if","locations":[{"start":{"line":42,"column":6},"end":{"line":44,"column":7}},{"start":{},"end":{}}]}},"s":{"0":1,"1":24,"2":2,"3":22,"4":4,"5":2,"6":20,"7":6,"8":4,"9":2,"10":5,"11":3,"12":2,"13":6,"14":3,"15":3,"16":3,"17":2,"18":1,"19":8},"f":{"0":24},"b":{"0":[2,22],"1":[24,23],"2":[4,18],"3":[22,20],"4":[2,2],"5":[4,2],"6":[6,5,6,3],"7":[4,2],"8":[6,5],"9":[3,2],"10":[5,4],"11":[3,3],"12":[6,5],"13":[2,1]}}
}
