TN:
SF:src\domain\tarea6.ts
FN:11,evaluarSolicitud
FNF:1
FNH:1
FNDA:24,evaluarSolicitud
DA:11,1
DA:13,24
DA:14,2
DA:18,22
DA:19,4
DA:20,2
DA:25,20
DA:27,6
DA:28,4
DA:30,2
DA:32,5
DA:33,3
DA:35,2
DA:37,6
DA:38,3
DA:40,3
DA:42,3
DA:43,2
DA:45,1
DA:48,8
LF:20
LH:20
BRDA:13,0,0,2
BRDA:13,0,1,22
BRDA:13,1,0,24
BRDA:13,1,1,23
BRDA:18,2,0,4
BRDA:18,2,1,18
BRDA:18,3,0,22
BRDA:18,3,1,20
BRDA:19,4,0,2
BRDA:19,4,1,2
BRDA:19,5,0,4
BRDA:19,5,1,2
BRDA:25,6,0,6
BRDA:25,6,1,5
BRDA:25,6,2,6
BRDA:25,6,3,3
BRDA:27,7,0,4
BRDA:27,7,1,2
BRDA:27,8,0,6
BRDA:27,8,1,5
BRDA:32,9,0,3
BRDA:32,9,1,2
BRDA:32,10,0,5
BRDA:32,10,1,4
BRDA:37,11,0,3
BRDA:37,11,1,3
BRDA:37,12,0,6
BRDA:37,12,1,5
BRDA:42,13,0,2
BRDA:42,13,1,1
BRF:30
BRH:30
end_of_record
